<?xml version="1.0" encoding="UTF-8"?>
<!-- Generated by org.testng.reporters.JUnitXMLReporter -->
<testsuite hostname="DESKTOP-9OLRQAB" failures="6" tests="6" name="Surefire test" time="0.222" errors="0" timestamp="17 Jun 2025 16:10:26 GMT">
  <testcase classname="com.mycompany.quickchat.QuickChatNGTest" name="testSentMessagesArray on testSentMessagesArray(com.mycompany.quickchat.QuickChatNGTest)" time="0.032">
    <failure type="java.lang.AssertionError" message="expected [Did you get the cake?] but found [Sender:+27834567890,Recipient: +27834557896, Message: Did you get the cake
Sender:+27834567890,Recipient:+27838884567, it is dinner time
]">
      <![CDATA[java.lang.AssertionError: expected [Did you get the cake?] but found [Sender:+27834567890,Recipient: +27834557896, Message: Did you get the cake
Sender:+27834567890,Recipient:+27838884567, it is dinner time
]
	at com.mycompany.quickchat.QuickChatNGTest.testSentMessagesArray(QuickChatNGTest.java:49)
	at org.junit.runners.model.FrameworkMethod$1.runReflectiveCall(FrameworkMethod.java:45)
	at org.junit.internal.runners.model.ReflectiveCallable.run(ReflectiveCallable.java:15)
	at org.junit.runners.model.FrameworkMethod.invokeExplosively(FrameworkMethod.java:42)
	at org.junit.internal.runners.statements.InvokeMethod.evaluate(InvokeMethod.java:20)
	at org.junit.internal.runners.statements.RunBefores.evaluate(RunBefores.java:28)
	at org.junit.runners.ParentRunner.runLeaf(ParentRunner.java:263)
	at org.junit.runners.BlockJUnit4ClassRunner.runChild(BlockJUnit4ClassRunner.java:68)
	at org.junit.runners.BlockJUnit4ClassRunner.runChild(BlockJUnit4ClassRunner.java:47)
	at org.junit.runners.ParentRunner$3.run(ParentRunner.java:231)
	at org.junit.runners.ParentRunner$1.schedule(ParentRunner.java:60)
	at org.junit.runners.ParentRunner.runChildren(ParentRunner.java:229)
	at org.junit.runners.ParentRunner.access$000(ParentRunner.java:50)
	at org.junit.runners.ParentRunner$2.evaluate(ParentRunner.java:222)
	at org.junit.runners.ParentRunner.run(ParentRunner.java:300)
	at org.junit.runner.JUnitCore.run(JUnitCore.java:157)
	at org.junit.runner.JUnitCore.run(JUnitCore.java:136)
... Removed 30 stack frames]]>
    </failure>
  </testcase> <!-- testSentMessagesArray on testSentMessagesArray(com.mycompany.quickchat.QuickChatNGTest) -->
  <testcase classname="com.mycompany.quickchat.QuickChatNGTest" name="testSearchByMessageId on testSearchByMessageId(com.mycompany.quickchat.QuickChatNGTest)" time="0.018">
    <failure type="java.lang.AssertionError" message="expected [Recipient: 0838884567, Message: it is dinner time!] but found [Recepient:+27838884567,Message: it is dinner time!]">
      <![CDATA[java.lang.AssertionError: expected [Recipient: 0838884567, Message: it is dinner time!] but found [Recepient:+27838884567,Message: it is dinner time!]
	at com.mycompany.quickchat.QuickChatNGTest.testSearchByMessageId(QuickChatNGTest.java:60)
	at org.junit.runners.model.FrameworkMethod$1.runReflectiveCall(FrameworkMethod.java:45)
	at org.junit.internal.runners.model.ReflectiveCallable.run(ReflectiveCallable.java:15)
	at org.junit.runners.model.FrameworkMethod.invokeExplosively(FrameworkMethod.java:42)
	at org.junit.internal.runners.statements.InvokeMethod.evaluate(InvokeMethod.java:20)
	at org.junit.internal.runners.statements.RunBefores.evaluate(RunBefores.java:28)
	at org.junit.runners.ParentRunner.runLeaf(ParentRunner.java:263)
	at org.junit.runners.BlockJUnit4ClassRunner.runChild(BlockJUnit4ClassRunner.java:68)
	at org.junit.runners.BlockJUnit4ClassRunner.runChild(BlockJUnit4ClassRunner.java:47)
	at org.junit.runners.ParentRunner$3.run(ParentRunner.java:231)
	at org.junit.runners.ParentRunner$1.schedule(ParentRunner.java:60)
	at org.junit.runners.ParentRunner.runChildren(ParentRunner.java:229)
	at org.junit.runners.ParentRunner.access$000(ParentRunner.java:50)
	at org.junit.runners.ParentRunner$2.evaluate(ParentRunner.java:222)
	at org.junit.runners.ParentRunner.run(ParentRunner.java:300)
	at org.junit.runner.JUnitCore.run(JUnitCore.java:157)
	at org.junit.runner.JUnitCore.run(JUnitCore.java:136)
... Removed 30 stack frames]]>
    </failure>
  </testcase> <!-- testSearchByMessageId on testSearchByMessageId(com.mycompany.quickchat.QuickChatNGTest) -->
  <testcase classname="com.mycompany.quickchat.QuickChatNGTest" name="testLongestMessage on testLongestMessage(com.mycompany.quickchat.QuickChatNGTest)" time="0.022">
    <failure type="java.lang.AssertionError" message="expected [Did you get the cake?] but found [Where are you? You are late  I have ask you to on time.]">
      <![CDATA[java.lang.AssertionError: expected [Did you get the cake?] but found [Where are you? You are late  I have ask you to on time.]
	at com.mycompany.quickchat.QuickChatNGTest.testLongestMessage(QuickChatNGTest.java:55)
	at org.junit.runners.model.FrameworkMethod$1.runReflectiveCall(FrameworkMethod.java:45)
	at org.junit.internal.runners.model.ReflectiveCallable.run(ReflectiveCallable.java:15)
	at org.junit.runners.model.FrameworkMethod.invokeExplosively(FrameworkMethod.java:42)
	at org.junit.internal.runners.statements.InvokeMethod.evaluate(InvokeMethod.java:20)
	at org.junit.internal.runners.statements.RunBefores.evaluate(RunBefores.java:28)
	at org.junit.runners.ParentRunner.runLeaf(ParentRunner.java:263)
	at org.junit.runners.BlockJUnit4ClassRunner.runChild(BlockJUnit4ClassRunner.java:68)
	at org.junit.runners.BlockJUnit4ClassRunner.runChild(BlockJUnit4ClassRunner.java:47)
	at org.junit.runners.ParentRunner$3.run(ParentRunner.java:231)
	at org.junit.runners.ParentRunner$1.schedule(ParentRunner.java:60)
	at org.junit.runners.ParentRunner.runChildren(ParentRunner.java:229)
	at org.junit.runners.ParentRunner.access$000(ParentRunner.java:50)
	at org.junit.runners.ParentRunner$2.evaluate(ParentRunner.java:222)
	at org.junit.runners.ParentRunner.run(ParentRunner.java:300)
	at org.junit.runner.JUnitCore.run(JUnitCore.java:157)
	at org.junit.runner.JUnitCore.run(JUnitCore.java:136)
... Removed 30 stack frames]]>
    </failure>
  </testcase> <!-- testLongestMessage on testLongestMessage(com.mycompany.quickchat.QuickChatNGTest) -->
  <testcase classname="com.mycompany.quickchat.QuickChatNGTest" name="testDeleteByMessageHash on testDeleteByMessageHash(com.mycompany.quickchat.QuickChatNGTest)" time="0.011">
    <failure type="java.lang.AssertionError" message="expected [Message hash not found.] but found [Message&amp;quot;it is dinner time!&amp;quot;succesfully deleted,]">
      <![CDATA[java.lang.AssertionError: expected [Message hash not found.] but found [Message"it is dinner time!"succesfully deleted,]
	at com.mycompany.quickchat.QuickChatNGTest.testDeleteByMessageHash(QuickChatNGTest.java:78)
	at org.junit.runners.model.FrameworkMethod$1.runReflectiveCall(FrameworkMethod.java:45)
	at org.junit.internal.runners.model.ReflectiveCallable.run(ReflectiveCallable.java:15)
	at org.junit.runners.model.FrameworkMethod.invokeExplosively(FrameworkMethod.java:42)
	at org.junit.internal.runners.statements.InvokeMethod.evaluate(InvokeMethod.java:20)
	at org.junit.internal.runners.statements.RunBefores.evaluate(RunBefores.java:28)
	at org.junit.runners.ParentRunner.runLeaf(ParentRunner.java:263)
	at org.junit.runners.BlockJUnit4ClassRunner.runChild(BlockJUnit4ClassRunner.java:68)
	at org.junit.runners.BlockJUnit4ClassRunner.runChild(BlockJUnit4ClassRunner.java:47)
	at org.junit.runners.ParentRunner$3.run(ParentRunner.java:231)
	at org.junit.runners.ParentRunner$1.schedule(ParentRunner.java:60)
	at org.junit.runners.ParentRunner.runChildren(ParentRunner.java:229)
	at org.junit.runners.ParentRunner.access$000(ParentRunner.java:50)
	at org.junit.runners.ParentRunner$2.evaluate(ParentRunner.java:222)
	at org.junit.runners.ParentRunner.run(ParentRunner.java:300)
	at org.junit.runner.JUnitCore.run(JUnitCore.java:157)
	at org.junit.runner.JUnitCore.run(JUnitCore.java:136)
... Removed 30 stack frames]]>
    </failure>
  </testcase> <!-- testDeleteByMessageHash on testDeleteByMessageHash(com.mycompany.quickchat.QuickChatNGTest) -->
  <testcase classname="com.mycompany.quickchat.QuickChatNGTest" name="testDisplayReport on testDisplayReport(com.mycompany.quickchat.QuickChatNGTest)" time="0.051">
    <failure type="java.lang.AssertionError" message="expected [Did you get the cake?] but found [Sent Messages Report:
Message Hash:12:1DIDGET,Recepient: +27834557896,Message: Did you get the cake?
Message Hash:42:2IT TIME,Recipient:+27838884567,Message:it is dinner time
]">
      <![CDATA[java.lang.AssertionError: expected [Did you get the cake?] but found [Sent Messages Report:
Message Hash:12:1DIDGET,Recepient: +27834557896,Message: Did you get the cake?
Message Hash:42:2IT TIME,Recipient:+27838884567,Message:it is dinner time
]
	at com.mycompany.quickchat.QuickChatNGTest.testDisplayReport(QuickChatNGTest.java:88)
	at org.junit.runners.model.FrameworkMethod$1.runReflectiveCall(FrameworkMethod.java:45)
	at org.junit.internal.runners.model.ReflectiveCallable.run(ReflectiveCallable.java:15)
	at org.junit.runners.model.FrameworkMethod.invokeExplosively(FrameworkMethod.java:42)
	at org.junit.internal.runners.statements.InvokeMethod.evaluate(InvokeMethod.java:20)
	at org.junit.internal.runners.statements.RunBefores.evaluate(RunBefores.java:28)
	at org.junit.runners.ParentRunner.runLeaf(ParentRunner.java:263)
	at org.junit.runners.BlockJUnit4ClassRunner.runChild(BlockJUnit4ClassRunner.java:68)
	at org.junit.runners.BlockJUnit4ClassRunner.runChild(BlockJUnit4ClassRunner.java:47)
	at org.junit.runners.ParentRunner$3.run(ParentRunner.java:231)
	at org.junit.runners.ParentRunner$1.schedule(ParentRunner.java:60)
	at org.junit.runners.ParentRunner.runChildren(ParentRunner.java:229)
	at org.junit.runners.ParentRunner.access$000(ParentRunner.java:50)
	at org.junit.runners.ParentRunner$2.evaluate(ParentRunner.java:222)
	at org.junit.runners.ParentRunner.run(ParentRunner.java:300)
	at org.junit.runner.JUnitCore.run(JUnitCore.java:157)
	at org.junit.runner.JUnitCore.run(JUnitCore.java:136)
... Removed 30 stack frames]]>
    </failure>
  </testcase> <!-- testDisplayReport on testDisplayReport(com.mycompany.quickchat.QuickChatNGTest) -->
  <testcase classname="com.mycompany.quickchat.QuickChatNGTest" name="testSearchByRecipient on testSearchByRecipient(com.mycompany.quickchat.QuickChatNGTest)" time="0.012">
    <failure type="java.lang.AssertionError" message="expected [No messages found.] but found [Message to +27838884567:
Where are you? You are late! I have asked you to be on time.
it is dinner time
ok, I am leaving without you.
]">
      <![CDATA[java.lang.AssertionError: expected [No messages found.] but found [Message to +27838884567:
Where are you? You are late! I have asked you to be on time.
it is dinner time
ok, I am leaving without you.
]
	at com.mycompany.quickchat.QuickChatNGTest.testSearchByRecipient(QuickChatNGTest.java:71)
	at org.junit.runners.model.FrameworkMethod$1.runReflectiveCall(FrameworkMethod.java:45)
	at org.junit.internal.runners.model.ReflectiveCallable.run(ReflectiveCallable.java:15)
	at org.junit.runners.model.FrameworkMethod.invokeExplosively(FrameworkMethod.java:42)
	at org.junit.internal.runners.statements.InvokeMethod.evaluate(InvokeMethod.java:20)
	at org.junit.internal.runners.statements.RunBefores.evaluate(RunBefores.java:28)
	at org.junit.runners.ParentRunner.runLeaf(ParentRunner.java:263)
	at org.junit.runners.BlockJUnit4ClassRunner.runChild(BlockJUnit4ClassRunner.java:68)
	at org.junit.runners.BlockJUnit4ClassRunner.runChild(BlockJUnit4ClassRunner.java:47)
	at org.junit.runners.ParentRunner$3.run(ParentRunner.java:231)
	at org.junit.runners.ParentRunner$1.schedule(ParentRunner.java:60)
	at org.junit.runners.ParentRunner.runChildren(ParentRunner.java:229)
	at org.junit.runners.ParentRunner.access$000(ParentRunner.java:50)
	at org.junit.runners.ParentRunner$2.evaluate(ParentRunner.java:222)
	at org.junit.runners.ParentRunner.run(ParentRunner.java:300)
	at org.junit.runner.JUnitCore.run(JUnitCore.java:157)
	at org.junit.runner.JUnitCore.run(JUnitCore.java:136)
... Removed 30 stack frames]]>
    </failure>
  </testcase> <!-- testSearchByRecipient on testSearchByRecipient(com.mycompany.quickchat.QuickChatNGTest) -->
</testsuite> <!-- Surefire test -->
